20240227 23:51
zox@zox-virtual-machine:~/compiler/2023ustc-jianmu-compiler/tests$ '/home/zox/compiler/2023ustc-jianmu-compiler/tests/test_func.sh' /home/zox/compiler/2023ustc-jianmu-compiler/tests/performance ll
[info] Start testing, using testcase dir: /home/zox/compiler/2023ustc-jianmu-compiler/tests/performance
00_bitset1...
Timer@0056-0064: 0H-0M-0S-751194us
TOTAL: 0H-0M-0S-751194us
OK
00_bitset2...
Timer@0056-0064: 0H-0M-1S-444089us
TOTAL: 0H-0M-1S-444089us
OK
00_bitset3...
Timer@0056-0064: 0H-0M-2S-124539us
TOTAL: 0H-0M-2S-124539us
OK
01_mm1...
Timer@0065-0084: 0H-0M-0S-880760us
TOTAL: 0H-0M-0S-880760us
OK
01_mm2...
Timer@0065-0084: 0H-0M-0S-751205us
TOTAL: 0H-0M-0S-751205us
OK
01_mm3...
Timer@0065-0084: 0H-0M-0S-595505us
TOTAL: 0H-0M-0S-595505us
OK
02_mv1...
Timer@0059-0067: 0H-0M-2S-50077us
TOTAL: 0H-0M-2S-50077us
OK
02_mv2...
Timer@0059-0067: 0H-0M-0S-706314us
TOTAL: 0H-0M-0S-706314us
OK
02_mv3...
Timer@0059-0067: 0H-0M-1S-221113us
TOTAL: 0H-0M-1S-221113us
OK
03_sort1...
Timer@0090-0102: 0H-0M-0S-870067us
TOTAL: 0H-0M-0S-870067us
OK
03_sort2...
Timer@0090-0102: 0H-0M-14S-93968us
TOTAL: 0H-0M-14S-93968us
OK
03_sort3...
Timer@0090-0102: 0H-0M-3S-10119us
TOTAL: 0H-0M-3S-10119us
OK
04_spmv1...
Timer@0039-0047: 0H-0M-0S-526791us
TOTAL: 0H-0M-0S-526791us
OK
04_spmv2...
Timer@0039-0047: 0H-0M-0S-439326us
TOTAL: 0H-0M-0S-439326us
OK
04_spmv3...
Timer@0039-0047: 0H-0M-0S-364572us
TOTAL: 0H-0M-0S-364572us
OK
brainfuck-bootstrap...
Timer@0116-0118: 0H-0M-2S-45012us
TOTAL: 0H-0M-2S-45012us
OK
brainfuck-mandelbrot-nerf...
Timer@0116-0118: 0H-0M-8S-279752us
TOTAL: 0H-0M-8S-279752us
OK
brainfuck-pi-nerf...
Timer@0116-0118: 0H-0M-0S-416431us
TOTAL: 0H-0M-0S-416431us
OK
conv0...
Timer@0109-0116: 0H-0M-4S-874729us
TOTAL: 0H-0M-4S-874729us
OK
conv1...
Timer@0109-0116: 0H-0M-9S-634101us
TOTAL: 0H-0M-9S-634101us
OK
conv2...
Timer@0109-0116: 0H-0M-7S-309637us
TOTAL: 0H-0M-7S-309637us
OK
crypto-1...
Timer@0161-0184: 0H-0M-1S-544867us
TOTAL: 0H-0M-1S-544867us
OK
crypto-2...
Timer@0161-0184: 0H-0M-1S-276528us
TOTAL: 0H-0M-1S-276528us
OK
crypto-3...
Timer@0161-0184: 0H-0M-1S-706001us
TOTAL: 0H-0M-1S-706001us
OK
dead-code-elimination-1...
Timer@100016-100032: 0H-0M-0S-20us
TOTAL: 0H-0M-0S-20us
OK
dead-code-elimination-2...
Timer@100016-100032: 0H-0M-0S-2120us
TOTAL: 0H-0M-0S-2120us
OK
dead-code-elimination-3...
Timer@100016-100032: 0H-0M-0S-210125us
TOTAL: 0H-0M-0S-210125us
OK
fft0...
Timer@0060-0079: 0H-0M-3S-989284us
TOTAL: 0H-0M-3S-989284us
OK
fft1...
Timer@0060-0079: 0H-0M-8S-446500us
TOTAL: 0H-0M-8S-446500us
OK
fft2...
Timer@0060-0079: 0H-0M-8S-160992us
TOTAL: 0H-0M-8S-160992us
OK
floyd-0...
Timer@0062-0064: 0H-0M-0S-19us
TOTAL: 0H-0M-0S-19us
OK
floyd-1...
Timer@0062-0064: 0H-0M-0S-13179us
TOTAL: 0H-0M-0S-13179us
OK
floyd-2...
Timer@0062-0064: 0H-0M-6S-7587us
TOTAL: 0H-0M-6S-7587us
OK
gameoflife-gosper...
Timer@0095-0106: 0H-0M-4S-313064us
TOTAL: 0H-0M-4S-313064us
OK
gameoflife-oscillator...
Timer@0095-0106: 0H-0M-3S-151655us
TOTAL: 0H-0M-3S-151655us
OK
gameoflife-p61glidergun...
Timer@0095-0106: 0H-0M-3S-193224us
TOTAL: 0H-0M-3S-193224us
OK
hoist-1...
Timer@0121-0123: 0H-0M-0S-61467us
TOTAL: 0H-0M-0S-61467us
OK
hoist-2...
Timer@0121-0123: 0H-0M-59S-830983us
TOTAL: 0H-0M-59S-830983us
OK
hoist-3...
Timer@0121-0123: 0H-9M-49S-877126us
TOTAL: 0H-9M-49S-877126us
OK
instruction-combining-1...
Timer@10015-10030: 0H-0M-0S-21us
TOTAL: 0H-0M-0S-21us
OK
instruction-combining-2...
Timer@10015-10030: 0H-0M-0S-5003us
TOTAL: 0H-0M-0S-5003us
OK
instruction-combining-3...
Timer@10015-10030: 0H-0M-0S-5311us
TOTAL: 0H-0M-0S-5311us
OK
integer-divide-optimization-1...
Timer@1016-1031: 0H-0M-0S-30522us
TOTAL: 0H-0M-0S-30522us
OK
integer-divide-optimization-2...
Timer@1016-1031: 0H-0M-15S-903976us
TOTAL: 0H-0M-15S-903976us
OK
integer-divide-optimization-3...
Timer@1016-1031: 0H-4M-17S-396764us
TOTAL: 0H-4M-17S-396764us
OK
median0...
Timer@0059-0061: 0H-0M-0S-844594us
TOTAL: 0H-0M-0S-844594us
OK
median1...
Timer@0059-0061: 0H-0M-0S-870500us
TOTAL: 0H-0M-0S-870500us
OK
median2...
Timer@0059-0061: 0H-0M-5S-141912us
TOTAL: 0H-0M-5S-141912us
OK
shuffle0...
Timer@0078-0090: 0H-0M-1S-923600us
TOTAL: 0H-0M-1S-923600us
OK
shuffle1...
Timer@0078-0090: 0H-0M-1S-749652us
TOTAL: 0H-0M-1S-749652us
OK
shuffle2...
Timer@0078-0090: 0H-0M-1S-261713us
TOTAL: 0H-0M-1S-261713us
OK
sl1...
Timer@0013-0053: 0H-0M-2S-241679us
TOTAL: 0H-0M-2S-241679us
OK
sl2...
Timer@0013-0053: 0H-0M-0S-783374us
TOTAL: 0H-0M-0S-783374us
OK
sl3...
Timer@0013-0053: 0H-0M-0S-406062us
TOTAL: 0H-0M-0S-406062us
OK
stencil0...
Timer@0023-0059: 0H-0M-0S-9493us
TOTAL: 0H-0M-0S-9493us
OK
stencil1...
Timer@0023-0059: 0H-0M-0S-28244us
TOTAL: 0H-0M-0S-28244us
OK
transpose0...
Timer@0028-0047: 0H-0M-0S-595332us
TOTAL: 0H-0M-0S-595332us
OK
transpose1...
Timer@0028-0047: 0H-0M-0S-718465us
TOTAL: 0H-0M-0S-718465us
OK
transpose2...
Timer@0028-0047: 0H-0M-1S-309144us
TOTAL: 0H-0M-1S-309144us
OK

20240228 00:46
zox@zox-virtual-machine:~/compiler/2023ustc-jianmu-compiler/tests$ '/home/zox/compiler/2023ustc-jianmu-compiler/tests/test_func.sh' /home/zox/compiler/2023ustc-jianmu-compiler/tests/performance test 
[info] Start testing, using testcase dir: /home/zox/compiler/2023ustc-jianmu-compiler/tests/performance
00_bitset1...
Timer@0056-0064: 0H-0M-7S-978374us
TOTAL: 0H-0M-7S-978374us
OK
00_bitset2...
Timer@0056-0064: 0H-0M-15S-441869us
TOTAL: 0H-0M-15S-441869us
OK
00_bitset3...
Timer@0056-0064: 0H-0M-23S-87698us
TOTAL: 0H-0M-23S-87698us
OK
01_mm1...
Timer@0065-0084: 0H-0M-24S-237331us
TOTAL: 0H-0M-24S-237331us
OK
01_mm2...
Timer@0065-0084: 0H-0M-21S-690865us
TOTAL: 0H-0M-21S-690865us
OK
01_mm3...
Timer@0065-0084: 0H-0M-16S-133060us
TOTAL: 0H-0M-16S-133060us
OK
02_mv1...
Timer@0059-0067: 0H-0M-11S-612675us
TOTAL: 0H-0M-11S-612675us
OK
02_mv2...
Timer@0059-0067: 0H-0M-6S-41631us
TOTAL: 0H-0M-6S-41631us
OK
02_mv3...
Timer@0059-0067: 0H-0M-11S-286810us
TOTAL: 0H-0M-11S-286810us
OK
03_sort1...
Timer@0090-0102: 0H-0M-5S-871844us
TOTAL: 0H-0M-5S-871844us
OK
03_sort2...
Timer@0090-0102: 0H-1M-36S-306669us
TOTAL: 0H-1M-36S-306669us
OK
03_sort3...
Timer@0090-0102: 0H-0M-19S-123851us
TOTAL: 0H-0M-19S-123851us
OK
04_spmv1...
Timer@0039-0047: 0H-0M-12S-293313us
TOTAL: 0H-0M-12S-293313us
OK
04_spmv2...
Timer@0039-0047: 0H-0M-8S-488088us
TOTAL: 0H-0M-8S-488088us
OK
04_spmv3...
Timer@0039-0047: 0H-0M-10S-173964us
TOTAL: 0H-0M-10S-173964us
OK
brainfuck-bootstrap...
Timer@0116-0118: 0H-1M-57S-458101us
TOTAL: 0H-1M-57S-458101us
OK
brainfuck-mandelbrot-nerf...
Timer@0116-0118: 0H-5M-29S-96880us
TOTAL: 0H-5M-29S-96880us
OK
brainfuck-pi-nerf...
Timer@0116-0118: 0H-0M-18S-625478us
TOTAL: 0H-0M-18S-625478us
OK
conv0...
Timer@0109-0116: 0H-0M-31S-282629us
TOTAL: 0H-0M-31S-282629us
OK
conv1...
Timer@0109-0116: 0H-0M-50S-471245us
TOTAL: 0H-0M-50S-471245us
OK
conv2...
Timer@0109-0116: 0H-0M-38S-799347us
TOTAL: 0H-0M-38S-799347us
OK
crypto-1...
Timer@0161-0184: 0H-0M-24S-109611us
TOTAL: 0H-0M-24S-109611us
OK
crypto-2...
Timer@0161-0184: 0H-0M-19S-749654us
TOTAL: 0H-0M-19S-749654us
OK
crypto-3...
Timer@0161-0184: 0H-0M-25S-655355us
TOTAL: 0H-0M-25S-655355us
OK
dead-code-elimination-1...
Timer@100016-100032: 0H-0M-0S-404us
TOTAL: 0H-0M-0S-404us
OK
dead-code-elimination-2...
Timer@100016-100032: 0H-0M-0S-16294us
TOTAL: 0H-0M-0S-16294us
OK
dead-code-elimination-3...
Timer@100016-100032: 0H-0M-1S-833288us
TOTAL: 0H-0M-1S-833288us
OK
fft0...
Timer@0060-0079: 0H-0M-18S-995922us
TOTAL: 0H-0M-18S-995922us
OK
fft1...
Timer@0060-0079: 0H-0M-41S-333324us
TOTAL: 0H-0M-41S-333324us
OK
fft2...
Timer@0060-0079: 0H-0M-39S-891132us
TOTAL: 0H-0M-39S-891132us
OK
floyd-0...
Timer@0062-0064: 0H-0M-0S-982us
TOTAL: 0H-0M-0S-982us
OK
floyd-1...
Timer@0062-0064: 0H-0M-0S-277364us
TOTAL: 0H-0M-0S-277364us
OK
floyd-2...
Timer@0062-0064: 0H-2M-26S-811528us
TOTAL: 0H-2M-26S-811528us
OK
gameoflife-gosper...
Timer@0095-0106: 0H-1M-57S-216968us
TOTAL: 0H-1M-57S-216968us
OK
gameoflife-oscillator...
Timer@0095-0106: 0H-1M-49S-891768us
TOTAL: 0H-1M-49S-891768us
OK
gameoflife-p61glidergun...
Timer@0095-0106: 0H-1M-48S-264819us
TOTAL: 0H-1M-48S-264819us
OK
hoist-1...
Timer@0121-0123: 0H-0M-0S-751491us
TOTAL: 0H-0M-0S-751491us
OK
hoist-2...
Timer@0121-0123: 0H-12M-47S-771872us
TOTAL: 0H-12M-47S-771872us
OK
hoist-3...

./test_func.sh /home/zox/compiler/2023ustc-jianmu-compiler/tests/final_performance ll
[info] Start testing, using testcase dir: /home/zox/compiler/2023ustc-jianmu-compiler/tests/final_performance
01_mm1...
Timer@0065-0084: 0H-0M-0S-863282us
TOTAL: 0H-0M-0S-863282us
OK
01_mm2...
Timer@0065-0084: 0H-0M-0S-727239us
TOTAL: 0H-0M-0S-727239us
OK
01_mm3...
Timer@0065-0084: 0H-0M-0S-541839us
TOTAL: 0H-0M-0S-541839us
OK
03_sort1...
Timer@0090-0102: 0H-0M-1S-535us
TOTAL: 0H-0M-1S-535us
OK
03_sort2...
Timer@0090-0102: 0H-0M-14S-327686us
TOTAL: 0H-0M-14S-327686us
OK
03_sort3...
Timer@0090-0102: 0H-0M-2S-988073us
TOTAL: 0H-0M-2S-988073us
OK
04_spmv1...
Timer@0039-0047: 0H-0M-0S-547606us
TOTAL: 0H-0M-0S-547606us
OK
04_spmv2...
Timer@0039-0047: 0H-0M-0S-443598us
TOTAL: 0H-0M-0S-443598us
OK
04_spmv3...
Timer@0039-0047: 0H-0M-0S-385199us
TOTAL: 0H-0M-0S-385199us
OK
fft0...
Timer@0060-0079: 0H-0M-3S-999194us
TOTAL: 0H-0M-3S-999194us
OK
fft1...
Timer@0060-0079: 0H-0M-8S-295507us
TOTAL: 0H-0M-8S-295507us
OK
fft2...
Timer@0060-0079: 0H-0M-7S-823764us
TOTAL: 0H-0M-7S-823764us
OK
gameoflife-gosper...
Timer@0095-0106: 0H-0M-3S-460661us
TOTAL: 0H-0M-3S-460661us
OK
gameoflife-oscillator...
Timer@0095-0106: 0H-0M-3S-81508us
TOTAL: 0H-0M-3S-81508us
OK
gameoflife-p61glidergun...
Timer@0095-0106: 0H-0M-3S-192347us
TOTAL: 0H-0M-3S-192347us
OK
if-combine1...
Timer@0324-0328: 0H-0M-1S-693501us
TOTAL: 0H-0M-1S-693501us
OK
if-combine2...
Timer@0324-0328: 0H-0M-2S-420233us
TOTAL: 0H-0M-2S-420233us
OK
if-combine3...
Timer@0324-0328: 0H-0M-4S-2239us
TOTAL: 0H-0M-4S-2239us
OK
large_loop_array_1...
Timer@0022-0039: 0H-0M-1S-202441us
TOTAL: 0H-0M-1S-202441us
OK
large_loop_array_2...
Timer@0021-0038: 0H-0M-2S-448672us
TOTAL: 0H-0M-2S-448672us
OK
large_loop_array_3...
Timer@0021-0038: 0H-0M-0S-985641us
TOTAL: 0H-0M-0S-985641us
OK
matmul1...
Timer@0023-0092: 0H-0M-1S-24730us
TOTAL: 0H-0M-1S-24730us
OK
matmul2...
Timer@0023-0092: 0H-0M-1S-128651us
TOTAL: 0H-0M-1S-128651us
OK
matmul3...
Timer@0023-0092: 0H-0M-1S-34706us
TOTAL: 0H-0M-1S-34706us
OK
recursive_call_1...
Timer@0021-0032: 0H-0M-6S-993671us
TOTAL: 0H-0M-6S-993671us
OK
recursive_call_2...
Timer@0021-0032: 0H-0M-1S-702829us
TOTAL: 0H-0M-1S-702829us
OK
recursive_call_3...
Timer@0021-0032: 0H-0M-3S-504642us
TOTAL: 0H-0M-3S-504642us
OK
shuffle0...
Timer@0078-0090: 0H-0M-1S-888051us
TOTAL: 0H-0M-1S-888051us
OK
shuffle1...
Timer@0078-0090: 0H-0M-2S-99811us
TOTAL: 0H-0M-2S-99811us
OK
shuffle2...
Timer@0078-0090: 0H-0M-1S-235934us
TOTAL: 0H-0M-1S-235934us
OK
sl1...
Timer@0013-0053: 0H-0M-2S-126718us
TOTAL: 0H-0M-2S-126718us
OK
sl2...
Timer@0013-0053: 0H-0M-0S-777895us
TOTAL: 0H-0M-0S-777895us
OK
sl3...
Timer@0013-0053: 0H-0M-0S-344186us
TOTAL: 0H-0M-0S-344186us
OK
transpose0...
Timer@0028-0047: 0H-0M-0S-446925us
TOTAL: 0H-0M-0S-446925us
OK
transpose1...
Timer@0028-0047: 0H-0M-0S-645804us
TOTAL: 0H-0M-0S-645804us
OK
transpose2...
Timer@0028-0047: 0H-0M-0S-984076us
TOTAL: 0H-0M-0S-984076us
OK

clang O3
zox@zox-virtual-machine:~/compiler/2023ustc-jianmu-compiler/tests$ ./test_func.sh /home/zox/compiler/2023ustc-jianmu-compiler/tests/final_performance ll
[info] Start testing, using testcase dir: /home/zox/compiler/2023ustc-jianmu-compiler/tests/final_performance
01_mm1...
Timer@0065-0084: 0H-0M-0S-330214us
TOTAL: 0H-0M-0S-330214us
OK
01_mm2...
Timer@0065-0084: 0H-0M-0S-272855us
TOTAL: 0H-0M-0S-272855us
OK
01_mm3...
Timer@0065-0084: 0H-0M-0S-210419us
TOTAL: 0H-0M-0S-210419us
OK
03_sort1...
Timer@0090-0102: 0H-0M-0S-168244us
TOTAL: 0H-0M-0S-168244us
OK
03_sort2...
Timer@0090-0102: 0H-0M-2S-701144us
TOTAL: 0H-0M-2S-701144us
OK
03_sort3...
Timer@0090-0102: 0H-0M-0S-546064us
TOTAL: 0H-0M-0S-546064us
OK
04_spmv1...
Timer@0039-0047: 0H-0M-0S-409059us
TOTAL: 0H-0M-0S-409059us
OK
04_spmv2...
Timer@0039-0047: 0H-0M-0S-412215us
TOTAL: 0H-0M-0S-412215us
OK
04_spmv3...
Timer@0039-0047: 0H-0M-0S-276771us
TOTAL: 0H-0M-0S-276771us
OK
fft0...
Timer@0060-0079: 0H-0M-1S-691254us
TOTAL: 0H-0M-1S-691254us
OK
fft1...
Timer@0060-0079: 0H-0M-3S-634721us
TOTAL: 0H-0M-3S-634721us
OK
fft2...
Timer@0060-0079: 0H-0M-3S-428046us
TOTAL: 0H-0M-3S-428046us
OK
gameoflife-gosper...
Timer@0095-0106: 0H-0M-1S-728229us
TOTAL: 0H-0M-1S-728229us
OK
gameoflife-oscillator...
Timer@0095-0106: 0H-0M-1S-627332us
TOTAL: 0H-0M-1S-627332us
OK
gameoflife-p61glidergun...
Timer@0095-0106: 0H-0M-1S-660240us
TOTAL: 0H-0M-1S-660240us
OK
if-combine1...
Timer@0324-0328: 0H-0M-0S-540784us
TOTAL: 0H-0M-0S-540784us
OK
if-combine2...
Timer@0324-0328: 0H-0M-0S-825383us
TOTAL: 0H-0M-0S-825383us
OK
if-combine3...
Timer@0324-0328: 0H-0M-1S-346342us
TOTAL: 0H-0M-1S-346342us
OK
large_loop_array_1...
Timer@0022-0039: 0H-0M-1S-175874us
TOTAL: 0H-0M-1S-175874us
OK
large_loop_array_2...
Timer@0021-0038: 0H-0M-2S-442211us
TOTAL: 0H-0M-2S-442211us
OK
large_loop_array_3...
Timer@0021-0038: 0H-0M-0S-993037us
TOTAL: 0H-0M-0S-993037us
OK
matmul1...
Timer@0023-0092: 0H-0M-0S-959795us
TOTAL: 0H-0M-0S-959795us
OK
matmul2...
Timer@0023-0092: 0H-0M-0S-957412us
TOTAL: 0H-0M-0S-957412us
OK
matmul3...
Timer@0023-0092: 0H-0M-0S-950983us
TOTAL: 0H-0M-0S-950983us
OK
recursive_call_1...
Timer@0021-0032: 0H-0M-6S-674612us
TOTAL: 0H-0M-6S-674612us
OK
recursive_call_2...
Timer@0021-0032: 0H-0M-1S-684208us
TOTAL: 0H-0M-1S-684208us
OK
recursive_call_3...
Timer@0021-0032: 0H-0M-3S-339260us
TOTAL: 0H-0M-3S-339260us
OK
shuffle0...
Timer@0078-0090: 0H-0M-1S-840717us
TOTAL: 0H-0M-1S-840717us
OK
shuffle1...
Timer@0078-0090: 0H-0M-1S-796821us
TOTAL: 0H-0M-1S-796821us
OK
shuffle2...
Timer@0078-0090: 0H-0M-0S-792723us
TOTAL: 0H-0M-0S-792723us
OK
sl1...
Timer@0013-0053: 0H-0M-4S-873701us
TOTAL: 0H-0M-4S-873701us
OK
sl2...
Timer@0013-0053: 0H-0M-0S-842931us
TOTAL: 0H-0M-0S-842931us
OK
sl3...
Timer@0013-0053: 0H-0M-0S-380335us
TOTAL: 0H-0M-0S-380335us
OK
transpose0...
Timer@0028-0047: 0H-0M-0S-393457us
TOTAL: 0H-0M-0S-393457us
OK
transpose1...
Timer@0028-0047: 0H-0M-0S-523661us
TOTAL: 0H-0M-0S-523661us
OK
transpose2...
Timer@0028-0047: 0H-0M-0S-954121us
TOTAL: 0H-0M-0S-954121us
OK




01_mm1: 倍率差异 = 2.614
01_mm2: 倍率差异 = 2.665
01_mm3: 倍率差异 = 2.575
03_sort1: 倍率差异 = 5.947
03_sort2: 倍率差异 = 5.304
03_sort3: 倍率差异 = 5.472
04_spmv1: 倍率差异 = 1.339
04_spmv2: 倍率差异 = 1.076
04_spmv3: 倍率差异 = 1.392
fft0: 倍率差异 = 2.365
fft1: 倍率差异 = 2.282
fft2: 倍率差异 = 2.282
gosper: 倍率差异 = 2.002
oscillator: 倍率差异 = 1.894
p61glidergun: 倍率差异 = 1.923
combine1: 倍率差异 = 3.132
combine2: 倍率差异 = 2.932
combine3: 倍率差异 = 2.973
large_loop_array_1: 倍率差异 = 1.023
large_loop_array_2: 倍率差异 = 1.003
large_loop_array_3: 倍率差异 = 0.993
matmul1: 倍率差异 = 1.068
matmul2: 倍率差异 = 1.179
matmul3: 倍率差异 = 1.088
recursive_call_1: 倍率差异 = 1.048
recursive_call_2: 倍率差异 = 1.011
recursive_call_3: 倍率差异 = 1.050
shuffle0: 倍率差异 = 1.026
shuffle1: 倍率差异 = 1.169
shuffle2: 倍率差异 = 1.559
sl1: 倍率差异 = 0.436
sl2: 倍率差异 = 0.923
sl3: 倍率差异 = 0.905
transpose0: 倍率差异 = 1.136
transpose1: 倍率差异 = 1.233
transpose2: 倍率差异 = 1.031
平均倍率差异 = 1.918

zox@zox-virtual-machine:~/compiler/2023ustc-jianmu-compiler/tests$ ./test_func.sh /home/zox/compiler/2023ustc-jianmu-compiler/tests/final_performance test
[info] Start testing, using testcase dir: /home/zox/compiler/2023ustc-jianmu-compiler/tests/final_performance
01_mm1...
Timer@0065-0084: 0H-0M-25S-446715us
TOTAL: 0H-0M-25S-446715us
OK
01_mm2...
Timer@0065-0084: 0H-0M-22S-498125us
TOTAL: 0H-0M-22S-498125us
OK
01_mm3...
Timer@0065-0084: 0H-0M-16S-470186us
TOTAL: 0H-0M-16S-470186us
OK
03_sort1...
Timer@0090-0102: 0H-0M-5S-363406us
TOTAL: 0H-0M-5S-363406us
OK
03_sort2...
Timer@0090-0102: 0H-1M-34S-799948us
TOTAL: 0H-1M-34S-799948us
OK
03_sort3...
Timer@0090-0102: 0H-0M-17S-816358us
TOTAL: 0H-0M-17S-816358us
OK
04_spmv1...
Timer@0039-0047: 0H-0M-12S-572414us
TOTAL: 0H-0M-12S-572414us
OK
04_spmv2...
Timer@0039-0047: 0H-0M-8S-467665us
TOTAL: 0H-0M-8S-467665us
OK
04_spmv3...
Timer@0039-0047: 0H-0M-10S-408268us
TOTAL: 0H-0M-10S-408268us
OK
fft0...
Timer@0060-0079: 0H-0M-19S-125276us
TOTAL: 0H-0M-19S-125276us
OK
fft1...
Timer@0060-0079: 0H-0M-41S-729901us
TOTAL: 0H-0M-41S-729901us
OK
fft2...
Timer@0060-0079: 0H-0M-40S-132057us
TOTAL: 0H-0M-40S-132057us
OK
gameoflife-gosper...
Timer@0095-0106: 0H-1M-57S-772100us
TOTAL: 0H-1M-57S-772100us
OK
gameoflife-oscillator...
Timer@0095-0106: 0H-1M-45S-714948us
TOTAL: 0H-1M-45S-714948us
OK
gameoflife-p61glidergun...
Timer@0095-0106: 0H-1M-39S-902200us
TOTAL: 0H-1M-39S-902200us
OK
if-combine1...
Timer@0324-0328: 0H-0M-39S-540393us
TOTAL: 0H-0M-39S-540393us
OK
if-combine2...
Timer@0324-0328: 0H-0M-56S-851175us
TOTAL: 0H-0M-56S-851175us
OK
if-combine3...
Timer@0324-0328: 0H-1M-34S-202679us
TOTAL: 0H-1M-34S-202679us
OK
large_loop_array_1...
Timer@0022-0039: 0H-0M-48S-511890us
TOTAL: 0H-0M-48S-511890us
OK
large_loop_array_2...
Timer@0021-0038: 0H-1M-37S-282428us
TOTAL: 0H-1M-37S-282428us
OK
large_loop_array_3...
Timer@0021-0038: 0H-0M-38S-534315us
TOTAL: 0H-0M-38S-534315us
OK
matmul1...
Timer@0023-0092: 0H-0M-16S-443189us
TOTAL: 0H-0M-16S-443189us
OK
matmul2...
Timer@0023-0092: 0H-0M-16S-292031us
TOTAL: 0H-0M-16S-292031us
OK
matmul3...
Timer@0023-0092: 0H-0M-16S-346925us
TOTAL: 0H-0M-16S-346925us
OK
recursive_call_1...
Timer@0021-0032: 0H-1M-24S-655304us
TOTAL: 0H-1M-24S-655304us
OK
recursive_call_2...
Timer@0021-0032: 0H-0M-21S-318062us
TOTAL: 0H-0M-21S-318062us
OK
recursive_call_3...
Timer@0021-0032: 0H-0M-42S-604323us
TOTAL: 0H-0M-42S-604323us
OK
shuffle0...
Timer@0078-0090: 0H-0M-8S-324554us
TOTAL: 0H-0M-8S-324554us
OK
shuffle1...
Timer@0078-0090: 0H-0M-3S-138397us
TOTAL: 0H-0M-3S-138397us
OK
shuffle2...
Timer@0078-0090: 0H-0M-5S-360695us
TOTAL: 0H-0M-5S-360695us
OK
sl1...
Timer@0013-0053: 0H-0M-25S-246621us
TOTAL: 0H-0M-25S-246621us
OK
sl2...
Timer@0013-0053: 0H-0M-7S-199984us
TOTAL: 0H-0M-7S-199984us
OK
sl3...
Timer@0013-0053: 0H-0M-3S-26566us
TOTAL: 0H-0M-3S-26566us
OK
transpose0...
Timer@0028-0047: 0H-0M-10S-870701us
TOTAL: 0H-0M-10S-870701us
OK
transpose1...
Timer@0028-0047: 0H-0M-18S-619052us
TOTAL: 0H-0M-18S-619052us
OK
transpose2...
Timer@0028-0047: 0H-0M-17S-754001us
TOTAL: 0H-0M-17S-754001us
OK


01_mm1: 倍率差异 = 77.061
01_mm2: 倍率差异 = 82.455
01_mm3: 倍率差异 = 78.273
03_sort1: 倍率差异 = 31.879
03_sort2: 倍率差异 = 35.096
03_sort3: 倍率差异 = 32.627
04_spmv1: 倍率差异 = 30.735
04_spmv2: 倍率差异 = 20.542
04_spmv3: 倍率差异 = 37.606
fft0: 倍率差异 = 11.308
fft1: 倍率差异 = 11.481
fft2: 倍率差异 = 11.707
gosper: 倍率差异 = 68.146
oscillator: 倍率差异 = 64.962
p61glidergun: 倍率差异 = 60.173
combine1: 倍率差异 = 73.117
combine2: 倍率差异 = 68.879
combine3: 倍率差异 = 69.969
large_loop_array_1: 倍率差异 = 41.256
large_loop_array_2: 倍率差异 = 39.834
large_loop_array_3: 倍率差异 = 38.805
matmul1: 倍率差异 = 17.132
matmul2: 倍率差异 = 17.017
matmul3: 倍率差异 = 17.190
recursive_call_1: 倍率差异 = 12.683
recursive_call_2: 倍率差异 = 12.658
recursive_call_3: 倍率差异 = 12.759
shuffle0: 倍率差异 = 4.522
shuffle1: 倍率差异 = 1.747
shuffle2: 倍率差异 = 6.762
sl1: 倍率差异 = 5.180
sl2: 倍率差异 = 8.542
sl3: 倍率差异 = 7.958
transpose0: 倍率差异 = 27.629
transpose1: 倍率差异 = 35.556
transpose2: 倍率差异 = 18.608
平均倍率差异 = 33.107


01_mm1: 29.477
01_mm2: 30.936
01_mm3: 30.397
03_sort1: 5.361
03_sort2: 6.617
03_sort3: 5.962
04_spmv1: 22.959
04_spmv2: 19.089
04_spmv3: 27.020
fft0: 4.782
fft1: 5.030
fft2: 5.130
gosper: 34.032
oscillator: 34.306
p61glidergun: 31.294
combine1: 23.348
combine2: 23.490
combine3: 23.537
large_loop_array_1: 40.345
large_loop_array_2: 39.729
large_loop_array_3: 39.096
matmul1: 16.046
matmul2: 14.435
matmul3: 15.799
recursive_call_1: 12.105
recursive_call_2: 12.519
recursive_call_3: 12.157
shuffle0: 4.409
shuffle1: 1.495
shuffle2: 4.337
sl1: 11.871
sl2: 9.256
sl3: 8.793
transpose0: 24.323
transpose1: 28.831
transpose2: 18.041
average = 18.788
max = 40.345
min = 1.495
mid = 18.041

01_mm1: 2.614
01_mm2: 2.665
01_mm3: 2.575
03_sort1: 5.947
03_sort2: 5.304
03_sort3: 5.472
04_spmv1: 1.339
04_spmv2: 1.076
04_spmv3: 1.392
fft0: 2.365
fft1: 2.282
fft2: 2.282
gosper: 2.002
oscillator: 1.894
p61glidergun: 1.923
combine1: 3.132
combine2: 2.932
combine3: 2.973
large_loop_array_1: 1.023
large_loop_array_2: 1.003
large_loop_array_3: 0.993
matmul1: 1.068
matmul2: 1.179
matmul3: 1.088
recursive_call_1: 1.048
recursive_call_2: 1.011
recursive_call_3: 1.050
shuffle0: 1.026
shuffle1: 1.169
shuffle2: 1.559
sl1: 0.436
sl2: 0.923
sl3: 0.905
transpose0: 1.136
transpose1: 1.233
transpose2: 1.031
average = 1.918
max = 5.947
min = 0.436
mid = 1.339